<?xml version="1.0" encoding="UTF-8"?>
<!-- Generated by org.testng.reporters.JUnitReportReporter -->
<testsuite hostname="BDC8-LX-6LNPFW2" failures="0" tests="1" name="sample.ComplexJsonParse" time="1.760" errors="0" timestamp="2021-01-30T14:57:23 IST" skipped="0">
  <testcase classname="sample.ComplexJsonParse" name="JsonParse" time="1.760"/>
  <system-out/>
</testsuite> <!-- sample.ComplexJsonParse -->
