<?xml version="1.0" encoding="UTF-8"?>
<!-- Generated by org.testng.reporters.JUnitReportReporter -->
<testsuite hostname="BDC8-LX-6LNPFW2" failures="0" tests="3" name="sample.DynamicJson" time="3.654" errors="0" timestamp="2021-01-31T14:51:04 IST" skipped="0">
  <testcase classname="sample.DynamicJson" name="addBook" time="0.201"/>
  <system-out/>
  <testcase classname="sample.DynamicJson" name="addBook" time="0.172"/>
  <system-out/>
  <testcase classname="sample.DynamicJson" name="addBook" time="3.281"/>
  <system-out/>
</testsuite> <!-- sample.DynamicJson -->
